{"name": "enter valid email and sign up", "status": "broken", "statusDetails": {"message": "selenium.common.exceptions.NoSuchElementException: Message: no such element: Unable to locate element: {\"method\":\"css selector\",\"selector\":\"h3[ID=\"ContactFooter-success\"]\"}\n  (Session info: chrome=112.0.5615.138)\nStacktrace:\nBacktrace:\n\tGetHandleVerifier [0x00C1DCE3+50899]\n\t(No symbol) [0x00BAE111]\n\t(No symbol) [0x00AB5588]\n\t(No symbol) [0x00AE08F9]\n\t(No symbol) [0x00AE0AFB]\n\t(No symbol) [0x00B0F902]\n\t(No symbol) [0x00AFB944]\n\t(No symbol) [0x00B0E01C]\n\t(No symbol) [0x00AFB6F6]\n\t(No symbol) [0x00AD7708]\n\t(No symbol) [0x00AD886D]\n\tGetHandleVerifier [0x00E83EAE+2566302]\n\tGetHandleVerifier [0x00EB92B1+2784417]\n\tGetHandleVerifier [0x00EB327C+2759788]\n\tGetHandleVerifier [0x00CB5740+672048]\n\t(No symbol) [0x00BB8872]\n\t(No symbol) [0x00BB41C8]\n\t(No symbol) [0x00BB42AB]\n\t(No symbol) [0x00BA71B7]\n\tBaseThreadInitThunk [0x75DA7D49+25]\n\tRtlInitializeExceptionChain [0x76FEB74B+107]\n\tRtlClearBits [0x76FEB6CF+191]\n\n", "trace": "  File \"C:\\Users\\Sarah\\PycharmProjects\\pythonProject6\\venv\\lib\\site-packages\\behave\\model.py\", line 1329, in run\n    match.run(runner.context)\n  File \"C:\\Users\\Sarah\\PycharmProjects\\pythonProject6\\venv\\lib\\site-packages\\behave\\matchers.py\", line 98, in run\n    self.func(context, *args, **kwargs)\n  File \"features\\steps\\signup.py\", line 28, in sign_up_message\n    context.app.base_page.verify_text(\"Thanks for subscribing\", *SIGNUP)\n  File \"C:\\Users\\Sarah\\PycharmProjects\\pythonProject6\\Pages\\base_page.py\", line 40, in verify_text\n    actual_text = self.driver.find_element(*locator).text\n  File \"C:\\Users\\Sarah\\PycharmProjects\\pythonProject6\\venv\\lib\\site-packages\\selenium\\webdriver\\remote\\webdriver.py\", line 831, in find_element\n    return self.execute(Command.FIND_ELEMENT, {\"using\": by, \"value\": value})[\"value\"]\n  File \"C:\\Users\\Sarah\\PycharmProjects\\pythonProject6\\venv\\lib\\site-packages\\selenium\\webdriver\\remote\\webdriver.py\", line 440, in execute\n    self.error_handler.check_response(response)\n  File \"C:\\Users\\Sarah\\PycharmProjects\\pythonProject6\\venv\\lib\\site-packages\\selenium\\webdriver\\remote\\errorhandler.py\", line 245, in check_response\n    raise exception_class(message, screen, stacktrace)\n"}, "steps": [{"name": "Given Open Cureskin home page", "status": "passed", "start": 1683159044346, "stop": 1683159048668}, {"name": "When click on email field", "status": "passed", "start": 1683159048668, "stop": 1683159049459}, {"name": "And input david.hochman@gmail.com", "status": "passed", "start": 1683159049459, "stop": 1683159049707}, {"name": "And Click Enter Email", "status": "passed", "start": 1683159049707, "stop": 1683159052114}, {"name": "Then Get SignUp Message", "status": "broken", "statusDetails": {"message": "selenium.common.exceptions.NoSuchElementException: Message: no such element: Unable to locate element: {\"method\":\"css selector\",\"selector\":\"h3[ID=\"ContactFooter-success\"]\"}\n  (Session info: chrome=112.0.5615.138)\nStacktrace:\nBacktrace:\n\tGetHandleVerifier [0x00C1DCE3+50899]\n\t(No symbol) [0x00BAE111]\n\t(No symbol) [0x00AB5588]\n\t(No symbol) [0x00AE08F9]\n\t(No symbol) [0x00AE0AFB]\n\t(No symbol) [0x00B0F902]\n\t(No symbol) [0x00AFB944]\n\t(No symbol) [0x00B0E01C]\n\t(No symbol) [0x00AFB6F6]\n\t(No symbol) [0x00AD7708]\n\t(No symbol) [0x00AD886D]\n\tGetHandleVerifier [0x00E83EAE+2566302]\n\tGetHandleVerifier [0x00EB92B1+2784417]\n\tGetHandleVerifier [0x00EB327C+2759788]\n\tGetHandleVerifier [0x00CB5740+672048]\n\t(No symbol) [0x00BB8872]\n\t(No symbol) [0x00BB41C8]\n\t(No symbol) [0x00BB42AB]\n\t(No symbol) [0x00BA71B7]\n\tBaseThreadInitThunk [0x75DA7D49+25]\n\tRtlInitializeExceptionChain [0x76FEB74B+107]\n\tRtlClearBits [0x76FEB6CF+191]\n\n", "trace": "  File \"C:\\Users\\Sarah\\PycharmProjects\\pythonProject6\\venv\\lib\\site-packages\\behave\\model.py\", line 1329, in run\n    match.run(runner.context)\n  File \"C:\\Users\\Sarah\\PycharmProjects\\pythonProject6\\venv\\lib\\site-packages\\behave\\matchers.py\", line 98, in run\n    self.func(context, *args, **kwargs)\n  File \"features\\steps\\signup.py\", line 28, in sign_up_message\n    context.app.base_page.verify_text(\"Thanks for subscribing\", *SIGNUP)\n  File \"C:\\Users\\Sarah\\PycharmProjects\\pythonProject6\\Pages\\base_page.py\", line 40, in verify_text\n    actual_text = self.driver.find_element(*locator).text\n  File \"C:\\Users\\Sarah\\PycharmProjects\\pythonProject6\\venv\\lib\\site-packages\\selenium\\webdriver\\remote\\webdriver.py\", line 831, in find_element\n    return self.execute(Command.FIND_ELEMENT, {\"using\": by, \"value\": value})[\"value\"]\n  File \"C:\\Users\\Sarah\\PycharmProjects\\pythonProject6\\venv\\lib\\site-packages\\selenium\\webdriver\\remote\\webdriver.py\", line 440, in execute\n    self.error_handler.check_response(response)\n  File \"C:\\Users\\Sarah\\PycharmProjects\\pythonProject6\\venv\\lib\\site-packages\\selenium\\webdriver\\remote\\errorhandler.py\", line 245, in check_response\n    raise exception_class(message, screen, stacktrace)\n"}, "start": 1683159052115, "stop": 1683159056276}], "start": 1683159042040, "stop": 1683159060363, "uuid": "51fcb2df-e2f0-4573-8ab5-7e335824ad08", "historyId": "8d772149f40afc339f1cc67491e2f815", "fullName": "Sign in to CureSkin: enter valid email and sign up", "labels": [{"name": "severity", "value": "normal"}, {"name": "feature", "value": "Sign in to CureSkin"}, {"name": "framework", "value": "behave"}, {"name": "language", "value": "cpython3"}]}